-------------------------------------------------------------------------------
Test set: com.sa.api.ApiApplicationTests
-------------------------------------------------------------------------------
Tests run: 1, Failures: 0, Errors: 1, Skipped: 0, Time elapsed: 0.304 s <<< FAILURE! - in com.sa.api.ApiApplicationTests
com.sa.api.ApiApplicationTests  Time elapsed: 0.302 s  <<< ERROR!
java.lang.IllegalStateException: Unable to find a @SpringBootConfiguration, you need to use @ContextConfiguration or @SpringBootTest(classes=...) with your test

